2024-12-21 23:19:02,536 - INFO - Starting pipeline...
2024-12-21 23:19:02,612 - INFO - Loaded YOLO model from yolov8s.pt
2024-12-21 23:19:05,814 - WARNING - Classification model not found at classification_model.pth. Training is required.
2024-12-21 23:19:11,087 - INFO - Epoch 1/10, Loss: 1.2630551755428314
2024-12-21 23:19:15,706 - INFO - Epoch 2/10, Loss: 0.03331193537451327
2024-12-21 23:19:20,223 - INFO - Epoch 3/10, Loss: 0.0011554800439625978
2024-12-21 23:19:24,762 - INFO - Epoch 4/10, Loss: 0.00016430952018708922
2024-12-21 23:19:29,218 - INFO - Epoch 5/10, Loss: 4.2307356125093065e-05
2024-12-21 23:19:33,665 - INFO - Epoch 6/10, Loss: 1.7029064565576846e-05
2024-12-21 23:19:38,159 - INFO - Epoch 7/10, Loss: 6.412248922060826e-06
2024-12-21 23:19:42,679 - INFO - Epoch 8/10, Loss: 3.2505715807928937e-06
2024-12-21 23:19:47,174 - INFO - Epoch 9/10, Loss: 2.495406420166546e-06
2024-12-21 23:19:51,755 - INFO - Epoch 10/10, Loss: 1.1122641581096104e-06
2024-12-21 23:19:51,836 - INFO - Classification model saved to classification_model.pth
2024-12-21 23:19:51,869 - INFO - Starting YOLO training from yolov8s.pt
2024-12-21 23:20:39,845 - INFO - Starting pipeline...
2024-12-21 23:20:39,885 - INFO - Loaded YOLO model from yolov8s.pt
2024-12-21 23:20:40,245 - INFO - Classification model loaded successfully.
2024-12-21 23:20:44,853 - INFO - Epoch 1/10, Loss: 4.395839425797021e-07
2024-12-21 23:20:49,383 - INFO - Epoch 2/10, Loss: 0.0
2024-12-21 23:20:53,874 - INFO - Epoch 3/10, Loss: 0.0
2024-12-21 23:20:58,350 - INFO - Epoch 4/10, Loss: 0.0
2024-12-21 23:21:02,785 - INFO - Epoch 5/10, Loss: 0.0
2024-12-21 23:21:07,282 - INFO - Epoch 6/10, Loss: 0.0
2024-12-21 23:21:11,707 - INFO - Epoch 7/10, Loss: 0.0
2024-12-21 23:21:16,175 - INFO - Epoch 8/10, Loss: 0.0
2024-12-21 23:21:20,649 - INFO - Epoch 9/10, Loss: 0.0
2024-12-21 23:21:25,087 - INFO - Epoch 10/10, Loss: 0.0
2024-12-21 23:21:25,169 - INFO - Classification model saved to classification_model.pth
2024-12-21 23:21:25,200 - INFO - Starting YOLO training from yolov8s.pt
2024-12-21 23:21:47,118 - INFO - Starting pipeline...
2024-12-21 23:21:47,157 - INFO - Loaded YOLO model from yolov8s.pt
2024-12-21 23:21:47,544 - INFO - Classification model loaded successfully.
2024-12-21 23:21:52,118 - INFO - Epoch 1/10, Loss: 0.0
2024-12-21 23:21:56,602 - INFO - Epoch 2/10, Loss: 0.0
2024-12-21 23:22:00,956 - INFO - Epoch 3/10, Loss: 0.0
2024-12-21 23:22:05,350 - INFO - Epoch 4/10, Loss: 0.0
2024-12-21 23:22:09,685 - INFO - Epoch 5/10, Loss: 0.0
2024-12-21 23:22:14,095 - INFO - Epoch 6/10, Loss: 0.0
2024-12-21 23:22:18,532 - INFO - Epoch 7/10, Loss: 0.0
2024-12-21 23:22:22,967 - INFO - Epoch 8/10, Loss: 0.0
2024-12-21 23:22:27,378 - INFO - Epoch 9/10, Loss: 0.0
2024-12-21 23:22:31,820 - INFO - Epoch 10/10, Loss: 0.0
2024-12-21 23:22:31,904 - INFO - Classification model saved to classification_model.pth
2024-12-21 23:22:31,936 - INFO - Starting YOLO training from yolov8s.pt
2024-12-21 23:36:54,652 - INFO - Pipeline completed successfully.
2024-12-21 23:43:26,665 - INFO - Starting pipeline...
2024-12-21 23:43:26,730 - INFO - Loaded YOLO model from yolov8s.pt
2024-12-21 23:43:27,524 - INFO - Classification model loaded successfully.
2024-12-21 23:43:32,180 - INFO - Epoch 1/10, Loss: 0.0
2024-12-21 23:43:36,665 - INFO - Epoch 2/10, Loss: 0.0
2024-12-21 23:43:41,044 - INFO - Epoch 3/10, Loss: 0.0
2024-12-21 23:43:45,493 - INFO - Epoch 4/10, Loss: 0.0
2024-12-21 23:43:49,920 - INFO - Epoch 5/10, Loss: 0.0
2024-12-21 23:43:54,379 - INFO - Epoch 6/10, Loss: 0.0
2024-12-21 23:43:58,740 - INFO - Epoch 7/10, Loss: 0.0
2024-12-21 23:44:03,181 - INFO - Epoch 8/10, Loss: 0.0
2024-12-21 23:44:07,567 - INFO - Epoch 9/10, Loss: 0.0
2024-12-21 23:44:12,148 - INFO - Epoch 10/10, Loss: 0.0
2024-12-21 23:44:12,256 - INFO - Classification model saved to classification_model.pth
2024-12-21 23:44:12,296 - INFO - Starting YOLO training from yolov8s.pt
2024-12-21 23:45:02,988 - ERROR - Best model not found at output/final_train/weights/best.pt.
2024-12-21 23:45:02,989 - INFO - Pipeline completed successfully.
2024-12-21 23:50:12,338 - INFO - Starting pipeline...
2024-12-21 23:50:12,418 - INFO - Loaded YOLO model from yolov8s.pt
2024-12-21 23:50:13,180 - INFO - Classification model loaded successfully.
2024-12-21 23:50:17,999 - INFO - Epoch 1/10, Loss: 0.0
2024-12-21 23:50:22,663 - INFO - Epoch 2/10, Loss: 0.0
2024-12-21 23:50:27,389 - INFO - Epoch 3/10, Loss: 0.0
2024-12-21 23:50:31,991 - INFO - Epoch 4/10, Loss: 0.0
2024-12-21 23:50:36,457 - INFO - Epoch 5/10, Loss: 0.0
2024-12-21 23:50:40,954 - INFO - Epoch 6/10, Loss: 0.0
2024-12-21 23:50:45,581 - INFO - Epoch 7/10, Loss: 0.0
2024-12-21 23:50:50,078 - INFO - Epoch 8/10, Loss: 0.0
2024-12-21 23:50:54,486 - INFO - Epoch 9/10, Loss: 0.0
2024-12-21 23:50:59,028 - INFO - Epoch 10/10, Loss: 0.0
2024-12-21 23:50:59,110 - INFO - Classification model saved to classification_model.pth
2024-12-21 23:50:59,111 - INFO - Deleted existing training directory: output\final_train
2024-12-21 23:50:59,142 - INFO - Starting YOLO training from yolov8s.pt
2024-12-21 23:51:46,519 - INFO - Best YOLO model successfully copied to 'databaseKIT/best.pt'
2024-12-21 23:51:46,520 - INFO - Pipeline completed successfully.
2024-12-22 00:20:16,064 - INFO - Starting pipeline...
2024-12-22 00:20:16,103 - INFO - Loaded YOLO model from 'databaseKIT/best.pt'
2024-12-22 00:20:16,720 - INFO - Classification model loaded successfully.
2024-12-22 00:20:21,690 - INFO - Epoch 1/10, Loss: 0.0
2024-12-22 00:20:26,348 - INFO - Epoch 2/10, Loss: 0.0
2024-12-22 00:20:31,051 - INFO - Epoch 3/10, Loss: 0.0
2024-12-22 00:20:35,633 - INFO - Epoch 4/10, Loss: 0.0
2024-12-22 00:20:40,222 - INFO - Epoch 5/10, Loss: 0.0
2024-12-22 00:20:44,683 - INFO - Epoch 6/10, Loss: 0.0
2024-12-22 00:20:49,045 - INFO - Epoch 7/10, Loss: 0.0
2024-12-22 00:20:53,666 - INFO - Epoch 8/10, Loss: 0.0
2024-12-22 00:20:58,153 - INFO - Epoch 9/10, Loss: 0.0
2024-12-22 00:21:02,741 - INFO - Epoch 10/10, Loss: 0.0
2024-12-22 00:21:02,823 - INFO - Classification model saved to classification_model.pth
2024-12-22 00:21:02,831 - INFO - Deleted existing training directory: output\final_train
2024-12-22 00:21:02,862 - INFO - Continuing YOLO training from 'databaseKIT/best.pt'
2024-12-22 00:21:57,061 - INFO - Best YOLO model successfully copied to 'databaseKIT/best.pt'
2024-12-22 00:21:57,062 - INFO - Pipeline completed successfully.
2024-12-22 10:36:04,227 - INFO - Starting pipeline...
2024-12-22 10:36:04,266 - INFO - Loaded YOLO model from 'yolov8s.pt'
2024-12-22 10:36:07,385 - INFO - Loaded classification model from 'classification_model.pth'
2024-12-22 10:36:07,629 - ERROR - An error occurred: autocast.__init__() missing 1 required positional argument: 'device_type'
2024-12-22 10:37:08,268 - INFO - Starting pipeline...
2024-12-22 10:37:08,309 - INFO - Loaded YOLO model from 'yolov8s.pt'
2024-12-22 10:37:08,671 - INFO - Loaded classification model from 'classification_model.pth'
2024-12-22 10:37:08,951 - ERROR - An error occurred: autocast.__init__() missing 1 required positional argument: 'device_type'
2024-12-22 10:37:31,241 - INFO - Starting pipeline...
2024-12-22 10:37:31,279 - INFO - Loaded YOLO model from 'yolov8s.pt'
2024-12-22 10:37:31,815 - INFO - Loaded classification model from 'classification_model.pth'
2024-12-22 10:37:32,094 - ERROR - An error occurred: autocast.__init__() missing 1 required positional argument: 'device_type'
2024-12-22 10:37:37,492 - INFO - Starting pipeline...
2024-12-22 10:37:37,531 - INFO - Loaded YOLO model from 'yolov8s.pt'
2024-12-22 10:37:37,883 - INFO - Loaded classification model from 'classification_model.pth'
2024-12-22 10:37:38,135 - ERROR - An error occurred: autocast.__init__() missing 1 required positional argument: 'device_type'
